2/13/2023 6:49:08 AM	This log contains information about the import schema operation into project 'ParcelDistributer.DataBase' on computer 'DESKTOP-KEAC9VG' by user 'ESyAdmin'.
2/13/2023 6:49:08 AM	Import of database schema has started.
2/13/2023 6:49:13 AM	Gathering database credentials
2/13/2023 6:49:13 AM	Gathering database options
2/13/2023 6:49:13 AM	Gathering generic database scoped configuration option
2/13/2023 6:49:13 AM	Gathering users
2/13/2023 6:49:13 AM	Gathering roles
2/13/2023 6:49:13 AM	Gathering application roles
2/13/2023 6:49:13 AM	Gathering role memberships
2/13/2023 6:49:13 AM	Gathering filegroups
2/13/2023 6:49:13 AM	Gathering full-text catalogs
2/13/2023 6:49:13 AM	Gathering assemblies
2/13/2023 6:49:13 AM	Gathering certificates
2/13/2023 6:49:13 AM	Gathering asymmetric keys
2/13/2023 6:49:13 AM	Gathering symmetric keys
2/13/2023 6:49:13 AM	Gathering encrypted symmetric keys
2/13/2023 6:49:13 AM	Gathering schemas
2/13/2023 6:49:13 AM	Gathering XML schema collections
2/13/2023 6:49:13 AM	Gathering user-defined data types
2/13/2023 6:49:13 AM	Gathering user-defined types
2/13/2023 6:49:13 AM	Gathering table types
2/13/2023 6:49:13 AM	Gathering unique keys for table types
2/13/2023 6:49:13 AM	Gathering primary keys for table types
2/13/2023 6:49:13 AM	Gathering indexes for table types
2/13/2023 6:49:13 AM	Gathering check constraints for table types
2/13/2023 6:49:13 AM	Gathering default constraints for table types
2/13/2023 6:49:13 AM	Gathering partition functions
2/13/2023 6:49:13 AM	Gathering partition schemes
2/13/2023 6:49:13 AM	Gathering functions
2/13/2023 6:49:13 AM	Gathering encrypted functions
2/13/2023 6:49:13 AM	Gathering aggregates
2/13/2023 6:49:13 AM	Gathering procedures
2/13/2023 6:49:13 AM	Gathering encrypted procedures
2/13/2023 6:49:13 AM	Gathering tables
2/13/2023 6:49:13 AM	Gathering primary keys
2/13/2023 6:49:13 AM	Gathering unique constraints
2/13/2023 6:49:13 AM	Gathering foreign keys
2/13/2023 6:49:13 AM	Gathering default constraints
2/13/2023 6:49:13 AM	Gathering check constraints
2/13/2023 6:49:13 AM	Gathering views
2/13/2023 6:49:13 AM	Gathering encrypted views
2/13/2023 6:49:13 AM	Gathering indexes
2/13/2023 6:49:13 AM	Gathering statistics
2/13/2023 6:49:13 AM	Gathering full-text index stoplists
2/13/2023 6:49:13 AM	Gathering search property lists
2/13/2023 6:49:13 AM	Gathering search properties
2/13/2023 6:49:13 AM	Gathering full-text indexes
2/13/2023 6:49:13 AM	Gathering column store indexes
2/13/2023 6:49:13 AM	Gathering spatial indexes
2/13/2023 6:49:13 AM	Gathering XML indexes
2/13/2023 6:49:13 AM	Gathering Selective XML indexes
2/13/2023 6:49:13 AM	Gathering encrypted triggers
2/13/2023 6:49:13 AM	Gathering triggers
2/13/2023 6:49:13 AM	Gathering encrypted and clr ddl triggers
2/13/2023 6:49:13 AM	Gathering ddl triggers
2/13/2023 6:49:13 AM	Creating edge constraints
2/13/2023 6:49:13 AM	Gathering synonyms
2/13/2023 6:49:13 AM	Gathering defaults
2/13/2023 6:49:13 AM	Gathering data constraint uddt bindings
2/13/2023 6:49:13 AM	Gathering rules
2/13/2023 6:49:13 AM	Gathering data constraint uddt bindings
2/13/2023 6:49:13 AM	Gathering message types
2/13/2023 6:49:13 AM	Gathering queues
2/13/2023 6:49:13 AM	Gathering contracts
2/13/2023 6:49:13 AM	Gathering services
2/13/2023 6:49:13 AM	Gathering event notifications
2/13/2023 6:49:13 AM	Gathering remote service bindings
2/13/2023 6:49:13 AM	Gathering broker priorities
2/13/2023 6:49:13 AM	Gathering signatures
2/13/2023 6:49:13 AM	Gathering data compression options
2/13/2023 6:49:13 AM	Gathering sequence types
2/13/2023 6:49:13 AM	Gathering security policies
2/13/2023 6:49:13 AM	Gather column encryption keys
2/13/2023 6:49:13 AM	Gathering column master keys
2/13/2023 6:49:13 AM	Gathering external data sources
2/13/2023 6:49:13 AM	Gathering external file formats
2/13/2023 6:49:13 AM	Gathering external tables
2/13/2023 6:49:13 AM	Gathering extended properties
2/13/2023 6:49:13 AM	Gathering assemblies
2/13/2023 6:49:14 AM	Gathering credentials
2/13/2023 6:49:14 AM	Gathering logins
2/13/2023 6:49:14 AM	Gathering server audits
2/13/2023 6:49:14 AM	Scanning project for duplicate elements
2/13/2023 6:49:14 AM	Finished duplicate element processing
2/13/2023 6:49:14 AM	Finished importing database.
2/13/2023 6:49:14 AM	A summary of the import was saved to the following location: C:\Users\ESyAdmin\Desktop\QualitApps\ParcelDistributer\ParcelDistributer.DataBase\Import Schema Logs\ParcelDistributer.Da_20230213011908.log
2/13/2023 6:49:14 AM	Click Finish to continue...
